#
# There is insufficient memory for the Java Runtime Environment to continue.
# Native memory allocation (malloc) failed to allocate 791136 bytes for Chunk::new
# Possible reasons:
#   The system is out of physical RAM or swap space
#   The process is running with CompressedOops enabled, and the Java Heap may be blocking the growth of the native heap
# Possible solutions:
#   Reduce memory load on the system
#   Increase physical memory or swap space
#   Check if swap backing store is full
#   Decrease Java heap size (-Xmx/-Xms)
#   Decrease number of Java threads
#   Decrease Java thread stack sizes (-Xss)
#   Set larger code cache with -XX:ReservedCodeCacheSize=
#   JVM is running with Zero Based Compressed Oops mode in which the Java heap is
#     placed in the first 32GB address space. The Java Heap base address is the
#     maximum limit for the native heap growth. Please use -XX:HeapBaseMinAddress
#     to set the Java Heap base and to place the Java Heap above 32GB virtual address.
# This output file may be truncated or incomplete.
#
#  Out of Memory Error (arena.cpp:168), pid=10464, tid=11400
#
# JRE version: Java(TM) SE Runtime Environment (21.0.2+13) (build 21.0.2+13-LTS-58)
# Java VM: Java HotSpot(TM) 64-Bit Server VM (21.0.2+13-LTS-58, mixed mode, sharing, tiered, compressed oops, compressed class ptrs, g1 gc, windows-amd64)
# No core dump will be written. Minidumps are not enabled by default on client versions of Windows
#

---------------  S U M M A R Y ------------

Command Line: -ea -Dfile.encoding=UTF-8 -XX:+ShowCodeDetailsInExceptionMessages org.testng.remote.RemoteTestNG -serport 2767 -protocol json -d C:\Users\Shivam\eclipse-workspace\OpenCart\test-output C:\Users\Shivam\eclipse-workspace\OpenCart\grouping.xml

Host: 11th Gen Intel(R) Core(TM) i5-1135G7 @ 2.40GHz, 8 cores, 15G,  Windows 11 , 64 bit Build 22621 (10.0.22621.3374)
Time: Fri May 10 17:04:47 2024 India Standard Time elapsed time: 0.541888 seconds (0d 0h 0m 0s)

---------------  T H R E A D  ---------------

Current thread (0x000001fbc917b090):  JavaThread "C2 CompilerThread1" daemon [_thread_in_native, id=11400, stack(0x000000f534b00000,0x000000f534c00000) (1024K)]


Current CompileTask:
C2:    541  820   !   4       jdk.internal.loader.URLClassPath$JarLoader::getResource (40 bytes)

Stack: [0x000000f534b00000,0x000000f534c00000]
Native frames: (J=compiled Java code, j=interpreted, Vv=VM code, C=native code)
V  [jvm.dll+0x6cade9]
V  [jvm.dll+0x8569c1]
V  [jvm.dll+0x858d2e]
V  [jvm.dll+0x859413]
V  [jvm.dll+0x280e56]
V  [jvm.dll+0xc3f3d]
V  [jvm.dll+0xc4473]
V  [jvm.dll+0x3b5c2c]
V  [jvm.dll+0x1e2209]
V  [jvm.dll+0x249d22]
V  [jvm.dll+0x2491b1]
V  [jvm.dll+0x1c9634]
V  [jvm.dll+0x258859]
V  [jvm.dll+0x256e3a]
V  [jvm.dll+0x3ef6c6]
V  [jvm.dll+0x7ff568]
V  [jvm.dll+0x6c953d]
C  [ucrtbase.dll+0x29333]
C  [KERNEL32.DLL+0x1257d]
C  [ntdll.dll+0x5aa48]


---------------  P R O C E S S  ---------------

Threads class SMR info:
_java_thread_list=0x000001fbc918c3a0, length=13, elements={
0x000001fbe2aa3c00, 0x000001fbffed7c80, 0x000001fbffed90a0, 0x000001fbffedc910,
0x000001fbffedf570, 0x000001fbffee00c0, 0x000001fbffee2150, 0x000001fbffee9660,
0x000001fbffeea640, 0x000001fbc9178c10, 0x000001fbc917ec60, 0x000001fbc917b090,
0x000001fbc928e510
}

Java Threads: ( => current thread )
  0x000001fbe2aa3c00 JavaThread "main"                              [_thread_in_vm, id=26000, stack(0x000000f533900000,0x000000f533a00000) (1024K)]
  0x000001fbffed7c80 JavaThread "Reference Handler"          daemon [_thread_blocked, id=23964, stack(0x000000f534100000,0x000000f534200000) (1024K)]
  0x000001fbffed90a0 JavaThread "Finalizer"                  daemon [_thread_blocked, id=18552, stack(0x000000f534200000,0x000000f534300000) (1024K)]
  0x000001fbffedc910 JavaThread "Signal Dispatcher"          daemon [_thread_blocked, id=23064, stack(0x000000f534300000,0x000000f534400000) (1024K)]
  0x000001fbffedf570 JavaThread "Attach Listener"            daemon [_thread_blocked, id=20796, stack(0x000000f534400000,0x000000f534500000) (1024K)]
  0x000001fbffee00c0 JavaThread "Service Thread"             daemon [_thread_blocked, id=16596, stack(0x000000f534500000,0x000000f534600000) (1024K)]
  0x000001fbffee2150 JavaThread "Monitor Deflation Thread"   daemon [_thread_blocked, id=13612, stack(0x000000f534600000,0x000000f534700000) (1024K)]
  0x000001fbffee9660 JavaThread "C2 CompilerThread0"         daemon [_thread_in_native, id=10896, stack(0x000000f534700000,0x000000f534800000) (1024K)]
  0x000001fbffeea640 JavaThread "C1 CompilerThread0"         daemon [_thread_blocked, id=13624, stack(0x000000f534800000,0x000000f534900000) (1024K)]
  0x000001fbc9178c10 JavaThread "Notification Thread"        daemon [_thread_blocked, id=25328, stack(0x000000f534900000,0x000000f534a00000) (1024K)]
  0x000001fbc917ec60 JavaThread "Common-Cleaner"             daemon [_thread_blocked, id=16808, stack(0x000000f534a00000,0x000000f534b00000) (1024K)]
=>0x000001fbc917b090 JavaThread "C2 CompilerThread1"         daemon [_thread_in_native, id=11400, stack(0x000000f534b00000,0x000000f534c00000) (1024K)]
  0x000001fbc928e510 JavaThread "C2 CompilerThread2"         daemon [_thread_in_native, id=20432, stack(0x000000f534c00000,0x000000f534d00000) (1024K)]
Total: 13

Other Threads:
  0x000001fbffebaa30 VMThread "VM Thread"                           [id=12312, stack(0x000000f534000000,0x000000f534100000) (1024K)]
  0x000001fbffe9ef10 WatcherThread "VM Periodic Task Thread"        [id=20060, stack(0x000000f533f00000,0x000000f534000000) (1024K)]
  0x000001fbe4d98f90 WorkerThread "GC Thread#0"                     [id=20896, stack(0x000000f533a00000,0x000000f533b00000) (1024K)]
  0x000001fbe4daac20 ConcurrentGCThread "G1 Main Marker"            [id=7136, stack(0x000000f533b00000,0x000000f533c00000) (1024K)]
  0x000001fbe4dab720 WorkerThread "G1 Conc#0"                       [id=19464, stack(0x000000f533c00000,0x000000f533d00000) (1024K)]
  0x000001fbffd70570 ConcurrentGCThread "G1 Refine#0"               [id=21776, stack(0x000000f533d00000,0x000000f533e00000) (1024K)]
  0x000001fbffd70ef0 ConcurrentGCThread "G1 Service"                [id=14096, stack(0x000000f533e00000,0x000000f533f00000) (1024K)]
Total: 7

Threads with active compile tasks:
C2 CompilerThread0      564  945       4       java.io.WinNTFileSystem::normalize (143 bytes)
C2 CompilerThread1      564  820   !   4       jdk.internal.loader.URLClassPath$JarLoader::getResource (40 bytes)
C2 CompilerThread2      564  919       4       java.util.jar.JarFile::getVersionedEntry (133 bytes)
Total: 3

VM state: not at safepoint (normal execution)

VM Mutex/Monitor currently owned by a thread:  ([mutex/lock_event])
[0x00007ff80a34b8e8] MethodCompileQueue_lock - owner thread: 0x0000000000000000

Heap address: 0x0000000704a00000, size: 4022 MB, Compressed Oops mode: Zero based, Oop shift amount: 3

CDS archive(s) mapped at: [0x000001fb84000000-0x000001fb84c90000-0x000001fb84c90000), size 13172736, SharedBaseAddress: 0x000001fb84000000, ArchiveRelocationMode: 1.
Compressed class space mapped at: 0x000001fb85000000-0x000001fbc5000000, reserved size: 1073741824
Narrow klass base: 0x000001fb84000000, Narrow klass shift: 0, Narrow klass range: 0x100000000

GC Precious Log:
 CardTable entry size: 512
 Card Set container configuration: InlinePtr #cards 4 size 8 Array Of Cards #cards 16 size 48 Howl #buckets 8 coarsen threshold 3686 Howl Bitmap #cards 512 size 80 coarsen threshold 460 Card regions per heap region 1 cards per card region 4096
 CPUs: 8 total, 8 available
 Memory: 16086M
 Large Page Support: Disabled
 NUMA Support: Disabled
 Compressed Oops: Enabled (Zero based)
 Heap Region Size: 2M
 Heap Min Capacity: 8M
 Heap Initial Capacity: 252M
 Heap Max Capacity: 4022M
 Pre-touch: Disabled
 Parallel Workers: 8
 Concurrent Workers: 2
 Concurrent Refinement Workers: 8
 Periodic GC: Disabled

Heap:
 garbage-first heap   total 258048K, used 18432K [0x0000000704a00000, 0x0000000800000000)
  region size 2048K, 10 young (20480K), 0 survivors (0K)
 Metaspace       used 4053K, committed 4224K, reserved 1114112K
  class space    used 452K, committed 512K, reserved 1048576K

Heap Regions: E=young(eden), S=young(survivor), O=old, HS=humongous(starts), HC=humongous(continues), CS=collection set, F=free, TAMS=top-at-mark-start, PB=parsable bottom
|   0|0x0000000704a00000, 0x0000000704a00000, 0x0000000704c00000|  0%| F|  |TAMS 0x0000000704a00000| PB 0x0000000704a00000| Untracked 
|   1|0x0000000704c00000, 0x0000000704c00000, 0x0000000704e00000|  0%| F|  |TAMS 0x0000000704c00000| PB 0x0000000704c00000| Untracked 
|   2|0x0000000704e00000, 0x0000000704e00000, 0x0000000705000000|  0%| F|  |TAMS 0x0000000704e00000| PB 0x0000000704e00000| Untracked 
|   3|0x0000000705000000, 0x0000000705000000, 0x0000000705200000|  0%| F|  |TAMS 0x0000000705000000| PB 0x0000000705000000| Untracked 
|   4|0x0000000705200000, 0x0000000705200000, 0x0000000705400000|  0%| F|  |TAMS 0x0000000705200000| PB 0x0000000705200000| Untracked 
|   5|0x0000000705400000, 0x0000000705400000, 0x0000000705600000|  0%| F|  |TAMS 0x0000000705400000| PB 0x0000000705400000| Untracked 
|   6|0x0000000705600000, 0x0000000705600000, 0x0000000705800000|  0%| F|  |TAMS 0x0000000705600000| PB 0x0000000705600000| Untracked 
|   7|0x0000000705800000, 0x0000000705800000, 0x0000000705a00000|  0%| F|  |TAMS 0x0000000705800000| PB 0x0000000705800000| Untracked 
|   8|0x0000000705a00000, 0x0000000705a00000, 0x0000000705c00000|  0%| F|  |TAMS 0x0000000705a00000| PB 0x0000000705a00000| Untracked 
|   9|0x0000000705c00000, 0x0000000705c00000, 0x0000000705e00000|  0%| F|  |TAMS 0x0000000705c00000| PB 0x0000000705c00000| Untracked 
|  10|0x0000000705e00000, 0x0000000705e00000, 0x0000000706000000|  0%| F|  |TAMS 0x0000000705e00000| PB 0x0000000705e00000| Untracked 
|  11|0x0000000706000000, 0x0000000706000000, 0x0000000706200000|  0%| F|  |TAMS 0x0000000706000000| PB 0x0000000706000000| Untracked 
|  12|0x0000000706200000, 0x0000000706200000, 0x0000000706400000|  0%| F|  |TAMS 0x0000000706200000| PB 0x0000000706200000| Untracked 
|  13|0x0000000706400000, 0x0000000706400000, 0x0000000706600000|  0%| F|  |TAMS 0x0000000706400000| PB 0x0000000706400000| Untracked 
|  14|0x0000000706600000, 0x0000000706600000, 0x0000000706800000|  0%| F|  |TAMS 0x0000000706600000| PB 0x0000000706600000| Untracked 
|  15|0x0000000706800000, 0x0000000706800000, 0x0000000706a00000|  0%| F|  |TAMS 0x0000000706800000| PB 0x0000000706800000| Untracked 
|  16|0x0000000706a00000, 0x0000000706a00000, 0x0000000706c00000|  0%| F|  |TAMS 0x0000000706a00000| PB 0x0000000706a00000| Untracked 
|  17|0x0000000706c00000, 0x0000000706c00000, 0x0000000706e00000|  0%| F|  |TAMS 0x0000000706c00000| PB 0x0000000706c00000| Untracked 
|  18|0x0000000706e00000, 0x0000000706e00000, 0x0000000707000000|  0%| F|  |TAMS 0x0000000706e00000| PB 0x0000000706e00000| Untracked 
|  19|0x0000000707000000, 0x0000000707000000, 0x0000000707200000|  0%| F|  |TAMS 0x0000000707000000| PB 0x0000000707000000| Untracked 
|  20|0x0000000707200000, 0x0000000707200000, 0x0000000707400000|  0%| F|  |TAMS 0x0000000707200000| PB 0x0000000707200000| Untracked 
|  21|0x0000000707400000, 0x0000000707400000, 0x0000000707600000|  0%| F|  |TAMS 0x0000000707400000| PB 0x0000000707400000| Untracked 
|  22|0x0000000707600000, 0x0000000707600000, 0x0000000707800000|  0%| F|  |TAMS 0x0000000707600000| PB 0x0000000707600000| Untracked 
|  23|0x0000000707800000, 0x0000000707800000, 0x0000000707a00000|  0%| F|  |TAMS 0x0000000707800000| PB 0x0000000707800000| Untracked 
|  24|0x0000000707a00000, 0x0000000707a00000, 0x0000000707c00000|  0%| F|  |TAMS 0x0000000707a00000| PB 0x0000000707a00000| Untracked 
|  25|0x0000000707c00000, 0x0000000707c00000, 0x0000000707e00000|  0%| F|  |TAMS 0x0000000707c00000| PB 0x0000000707c00000| Untracked 
|  26|0x0000000707e00000, 0x0000000707e00000, 0x0000000708000000|  0%| F|  |TAMS 0x0000000707e00000| PB 0x0000000707e00000| Untracked 
|  27|0x0000000708000000, 0x0000000708000000, 0x0000000708200000|  0%| F|  |TAMS 0x0000000708000000| PB 0x0000000708000000| Untracked 
|  28|0x0000000708200000, 0x0000000708200000, 0x0000000708400000|  0%| F|  |TAMS 0x0000000708200000| PB 0x0000000708200000| Untracked 
|  29|0x0000000708400000, 0x0000000708400000, 0x0000000708600000|  0%| F|  |TAMS 0x0000000708400000| PB 0x0000000708400000| Untracked 
|  30|0x0000000708600000, 0x0000000708600000, 0x0000000708800000|  0%| F|  |TAMS 0x0000000708600000| PB 0x0000000708600000| Untracked 
|  31|0x0000000708800000, 0x0000000708800000, 0x0000000708a00000|  0%| F|  |TAMS 0x0000000708800000| PB 0x0000000708800000| Untracked 
|  32|0x0000000708a00000, 0x0000000708a00000, 0x0000000708c00000|  0%| F|  |TAMS 0x0000000708a00000| PB 0x0000000708a00000| Untracked 
|  33|0x0000000708c00000, 0x0000000708c00000, 0x0000000708e00000|  0%| F|  |TAMS 0x0000000708c00000| PB 0x0000000708c00000| Untracked 
|  34|0x0000000708e00000, 0x0000000708e00000, 0x0000000709000000|  0%| F|  |TAMS 0x0000000708e00000| PB 0x0000000708e00000| Untracked 
|  35|0x0000000709000000, 0x0000000709000000, 0x0000000709200000|  0%| F|  |TAMS 0x0000000709000000| PB 0x0000000709000000| Untracked 
|  36|0x0000000709200000, 0x0000000709200000, 0x0000000709400000|  0%| F|  |TAMS 0x0000000709200000| PB 0x0000000709200000| Untracked 
|  37|0x0000000709400000, 0x0000000709400000, 0x0000000709600000|  0%| F|  |TAMS 0x0000000709400000| PB 0x0000000709400000| Untracked 
|  38|0x0000000709600000, 0x0000000709600000, 0x0000000709800000|  0%| F|  |TAMS 0x0000000709600000| PB 0x0000000709600000| Untracked 
|  39|0x0000000709800000, 0x0000000709800000, 0x0000000709a00000|  0%| F|  |TAMS 0x0000000709800000| PB 0x0000000709800000| Untracked 
|  40|0x0000000709a00000, 0x0000000709a00000, 0x0000000709c00000|  0%| F|  |TAMS 0x0000000709a00000| PB 0x0000000709a00000| Untracked 
|  41|0x0000000709c00000, 0x0000000709c00000, 0x0000000709e00000|  0%| F|  |TAMS 0x0000000709c00000| PB 0x0000000709c00000| Untracked 
|  42|0x0000000709e00000, 0x0000000709e00000, 0x000000070a000000|  0%| F|  |TAMS 0x0000000709e00000| PB 0x0000000709e00000| Untracked 
|  43|0x000000070a000000, 0x000000070a000000, 0x000000070a200000|  0%| F|  |TAMS 0x000000070a000000| PB 0x000000070a000000| Untracked 
|  44|0x000000070a200000, 0x000000070a200000, 0x000000070a400000|  0%| F|  |TAMS 0x000000070a200000| PB 0x000000070a200000| Untracked 
|  45|0x000000070a400000, 0x000000070a400000, 0x000000070a600000|  0%| F|  |TAMS 0x000000070a400000| PB 0x000000070a400000| Untracked 
|  46|0x000000070a600000, 0x000000070a600000, 0x000000070a800000|  0%| F|  |TAMS 0x000000070a600000| PB 0x000000070a600000| Untracked 
|  47|0x000000070a800000, 0x000000070a800000, 0x000000070aa00000|  0%| F|  |TAMS 0x000000070a800000| PB 0x000000070a800000| Untracked 
|  48|0x000000070aa00000, 0x000000070aa00000, 0x000000070ac00000|  0%| F|  |TAMS 0x000000070aa00000| PB 0x000000070aa00000| Untracked 
|  49|0x000000070ac00000, 0x000000070ac00000, 0x000000070ae00000|  0%| F|  |TAMS 0x000000070ac00000| PB 0x000000070ac00000| Untracked 
|  50|0x000000070ae00000, 0x000000070ae00000, 0x000000070b000000|  0%| F|  |TAMS 0x000000070ae00000| PB 0x000000070ae00000| Untracked 
|  51|0x000000070b000000, 0x000000070b000000, 0x000000070b200000|  0%| F|  |TAMS 0x000000070b000000| PB 0x000000070b000000| Untracked 
|  52|0x000000070b200000, 0x000000070b200000, 0x000000070b400000|  0%| F|  |TAMS 0x000000070b200000| PB 0x000000070b200000| Untracked 
|  53|0x000000070b400000, 0x000000070b400000, 0x000000070b600000|  0%| F|  |TAMS 0x000000070b400000| PB 0x000000070b400000| Untracked 
|  54|0x000000070b600000, 0x000000070b600000, 0x000000070b800000|  0%| F|  |TAMS 0x000000070b600000| PB 0x000000070b600000| Untracked 
|  55|0x000000070b800000, 0x000000070b800000, 0x000000070ba00000|  0%| F|  |TAMS 0x000000070b800000| PB 0x000000070b800000| Untracked 
|  56|0x000000070ba00000, 0x000000070ba00000, 0x000000070bc00000|  0%| F|  |TAMS 0x000000070ba00000| PB 0x000000070ba00000| Untracked 
|  57|0x000000070bc00000, 0x000000070bc00000, 0x000000070be00000|  0%| F|  |TAMS 0x000000070bc00000| PB 0x000000070bc00000| Untracked 
|  58|0x000000070be00000, 0x000000070be00000, 0x000000070c000000|  0%| F|  |TAMS 0x000000070be00000| PB 0x000000070be00000| Untracked 
|  59|0x000000070c000000, 0x000000070c000000, 0x000000070c200000|  0%| F|  |TAMS 0x000000070c000000| PB 0x000000070c000000| Untracked 
|  60|0x000000070c200000, 0x000000070c200000, 0x000000070c400000|  0%| F|  |TAMS 0x000000070c200000| PB 0x000000070c200000| Untracked 
|  61|0x000000070c400000, 0x000000070c400000, 0x000000070c600000|  0%| F|  |TAMS 0x000000070c400000| PB 0x000000070c400000| Untracked 
|  62|0x000000070c600000, 0x000000070c600000, 0x000000070c800000|  0%| F|  |TAMS 0x000000070c600000| PB 0x000000070c600000| Untracked 
|  63|0x000000070c800000, 0x000000070c800000, 0x000000070ca00000|  0%| F|  |TAMS 0x000000070c800000| PB 0x000000070c800000| Untracked 
|  64|0x000000070ca00000, 0x000000070ca00000, 0x000000070cc00000|  0%| F|  |TAMS 0x000000070ca00000| PB 0x000000070ca00000| Untracked 
|  65|0x000000070cc00000, 0x000000070cc00000, 0x000000070ce00000|  0%| F|  |TAMS 0x000000070cc00000| PB 0x000000070cc00000| Untracked 
|  66|0x000000070ce00000, 0x000000070ce00000, 0x000000070d000000|  0%| F|  |TAMS 0x000000070ce00000| PB 0x000000070ce00000| Untracked 
|  67|0x000000070d000000, 0x000000070d000000, 0x000000070d200000|  0%| F|  |TAMS 0x000000070d000000| PB 0x000000070d000000| Untracked 
|  68|0x000000070d200000, 0x000000070d200000, 0x000000070d400000|  0%| F|  |TAMS 0x000000070d200000| PB 0x000000070d200000| Untracked 
|  69|0x000000070d400000, 0x000000070d400000, 0x000000070d600000|  0%| F|  |TAMS 0x000000070d400000| PB 0x000000070d400000| Untracked 
|  70|0x000000070d600000, 0x000000070d600000, 0x000000070d800000|  0%| F|  |TAMS 0x000000070d600000| PB 0x000000070d600000| Untracked 
|  71|0x000000070d800000, 0x000000070d800000, 0x000000070da00000|  0%| F|  |TAMS 0x000000070d800000| PB 0x000000070d800000| Untracked 
|  72|0x000000070da00000, 0x000000070da00000, 0x000000070dc00000|  0%| F|  |TAMS 0x000000070da00000| PB 0x000000070da00000| Untracked 
|  73|0x000000070dc00000, 0x000000070dc00000, 0x000000070de00000|  0%| F|  |TAMS 0x000000070dc00000| PB 0x000000070dc00000| Untracked 
|  74|0x000000070de00000, 0x000000070de00000, 0x000000070e000000|  0%| F|  |TAMS 0x000000070de00000| PB 0x000000070de00000| Untracked 
|  75|0x000000070e000000, 0x000000070e000000, 0x000000070e200000|  0%| F|  |TAMS 0x000000070e000000| PB 0x000000070e000000| Untracked 
|  76|0x000000070e200000, 0x000000070e200000, 0x000000070e400000|  0%| F|  |TAMS 0x000000070e200000| PB 0x000000070e200000| Untracked 
|  77|0x000000070e400000, 0x000000070e400000, 0x000000070e600000|  0%| F|  |TAMS 0x000000070e400000| PB 0x000000070e400000| Untracked 
|  78|0x000000070e600000, 0x000000070e600000, 0x000000070e800000|  0%| F|  |TAMS 0x000000070e600000| PB 0x000000070e600000| Untracked 
|  79|0x000000070e800000, 0x000000070e800000, 0x000000070ea00000|  0%| F|  |TAMS 0x000000070e800000| PB 0x000000070e800000| Untracked 
|  80|0x000000070ea00000, 0x000000070ea00000, 0x000000070ec00000|  0%| F|  |TAMS 0x000000070ea00000| PB 0x000000070ea00000| Untracked 
|  81|0x000000070ec00000, 0x000000070ec00000, 0x000000070ee00000|  0%| F|  |TAMS 0x000000070ec00000| PB 0x000000070ec00000| Untracked 
|  82|0x000000070ee00000, 0x000000070ee00000, 0x000000070f000000|  0%| F|  |TAMS 0x000000070ee00000| PB 0x000000070ee00000| Untracked 
|  83|0x000000070f000000, 0x000000070f000000, 0x000000070f200000|  0%| F|  |TAMS 0x000000070f000000| PB 0x000000070f000000| Untracked 
|  84|0x000000070f200000, 0x000000070f200000, 0x000000070f400000|  0%| F|  |TAMS 0x000000070f200000| PB 0x000000070f200000| Untracked 
|  85|0x000000070f400000, 0x000000070f400000, 0x000000070f600000|  0%| F|  |TAMS 0x000000070f400000| PB 0x000000070f400000| Untracked 
|  86|0x000000070f600000, 0x000000070f600000, 0x000000070f800000|  0%| F|  |TAMS 0x000000070f600000| PB 0x000000070f600000| Untracked 
|  87|0x000000070f800000, 0x000000070f800000, 0x000000070fa00000|  0%| F|  |TAMS 0x000000070f800000| PB 0x000000070f800000| Untracked 
|  88|0x000000070fa00000, 0x000000070fa00000, 0x000000070fc00000|  0%| F|  |TAMS 0x000000070fa00000| PB 0x000000070fa00000| Untracked 
|  89|0x000000070fc00000, 0x000000070fc00000, 0x000000070fe00000|  0%| F|  |TAMS 0x000000070fc00000| PB 0x000000070fc00000| Untracked 
|  90|0x000000070fe00000, 0x000000070fe00000, 0x0000000710000000|  0%| F|  |TAMS 0x000000070fe00000| PB 0x000000070fe00000| Untracked 
|  91|0x0000000710000000, 0x0000000710000000, 0x0000000710200000|  0%| F|  |TAMS 0x0000000710000000| PB 0x0000000710000000| Untracked 
|  92|0x0000000710200000, 0x0000000710200000, 0x0000000710400000|  0%| F|  |TAMS 0x0000000710200000| PB 0x0000000710200000| Untracked 
|  93|0x0000000710400000, 0x0000000710400000, 0x0000000710600000|  0%| F|  |TAMS 0x0000000710400000| PB 0x0000000710400000| Untracked 
|  94|0x0000000710600000, 0x0000000710600000, 0x0000000710800000|  0%| F|  |TAMS 0x0000000710600000| PB 0x0000000710600000| Untracked 
|  95|0x0000000710800000, 0x0000000710800000, 0x0000000710a00000|  0%| F|  |TAMS 0x0000000710800000| PB 0x0000000710800000| Untracked 
|  96|0x0000000710a00000, 0x0000000710a00000, 0x0000000710c00000|  0%| F|  |TAMS 0x0000000710a00000| PB 0x0000000710a00000| Untracked 
|  97|0x0000000710c00000, 0x0000000710c00000, 0x0000000710e00000|  0%| F|  |TAMS 0x0000000710c00000| PB 0x0000000710c00000| Untracked 
|  98|0x0000000710e00000, 0x0000000710e00000, 0x0000000711000000|  0%| F|  |TAMS 0x0000000710e00000| PB 0x0000000710e00000| Untracked 
|  99|0x0000000711000000, 0x0000000711000000, 0x0000000711200000|  0%| F|  |TAMS 0x0000000711000000| PB 0x0000000711000000| Untracked 
| 100|0x0000000711200000, 0x0000000711200000, 0x0000000711400000|  0%| F|  |TAMS 0x0000000711200000| PB 0x0000000711200000| Untracked 
| 101|0x0000000711400000, 0x0000000711400000, 0x0000000711600000|  0%| F|  |TAMS 0x0000000711400000| PB 0x0000000711400000| Untracked 
| 102|0x0000000711600000, 0x0000000711600000, 0x0000000711800000|  0%| F|  |TAMS 0x0000000711600000| PB 0x0000000711600000| Untracked 
| 103|0x0000000711800000, 0x0000000711800000, 0x0000000711a00000|  0%| F|  |TAMS 0x0000000711800000| PB 0x0000000711800000| Untracked 
| 104|0x0000000711a00000, 0x0000000711a00000, 0x0000000711c00000|  0%| F|  |TAMS 0x0000000711a00000| PB 0x0000000711a00000| Untracked 
| 105|0x0000000711c00000, 0x0000000711c00000, 0x0000000711e00000|  0%| F|  |TAMS 0x0000000711c00000| PB 0x0000000711c00000| Untracked 
| 106|0x0000000711e00000, 0x0000000711e00000, 0x0000000712000000|  0%| F|  |TAMS 0x0000000711e00000| PB 0x0000000711e00000| Untracked 
| 107|0x0000000712000000, 0x0000000712000000, 0x0000000712200000|  0%| F|  |TAMS 0x0000000712000000| PB 0x0000000712000000| Untracked 
| 108|0x0000000712200000, 0x0000000712200000, 0x0000000712400000|  0%| F|  |TAMS 0x0000000712200000| PB 0x0000000712200000| Untracked 
| 109|0x0000000712400000, 0x0000000712400000, 0x0000000712600000|  0%| F|  |TAMS 0x0000000712400000| PB 0x0000000712400000| Untracked 
| 110|0x0000000712600000, 0x0000000712600000, 0x0000000712800000|  0%| F|  |TAMS 0x0000000712600000| PB 0x0000000712600000| Untracked 
| 111|0x0000000712800000, 0x0000000712800000, 0x0000000712a00000|  0%| F|  |TAMS 0x0000000712800000| PB 0x0000000712800000| Untracked 
| 112|0x0000000712a00000, 0x0000000712a00000, 0x0000000712c00000|  0%| F|  |TAMS 0x0000000712a00000| PB 0x0000000712a00000| Untracked 
| 113|0x0000000712c00000, 0x0000000712c00000, 0x0000000712e00000|  0%| F|  |TAMS 0x0000000712c00000| PB 0x0000000712c00000| Untracked 
| 114|0x0000000712e00000, 0x0000000712e00000, 0x0000000713000000|  0%| F|  |TAMS 0x0000000712e00000| PB 0x0000000712e00000| Untracked 
| 115|0x0000000713000000, 0x0000000713000000, 0x0000000713200000|  0%| F|  |TAMS 0x0000000713000000| PB 0x0000000713000000| Untracked 
| 116|0x0000000713200000, 0x00000007133c8750, 0x0000000713400000| 89%| E|  |TAMS 0x0000000713200000| PB 0x0000000713200000| Complete 
| 117|0x0000000713400000, 0x0000000713600000, 0x0000000713600000|100%| E|CS|TAMS 0x0000000713400000| PB 0x0000000713400000| Complete 
| 118|0x0000000713600000, 0x0000000713800000, 0x0000000713800000|100%| E|CS|TAMS 0x0000000713600000| PB 0x0000000713600000| Complete 
| 119|0x0000000713800000, 0x0000000713a00000, 0x0000000713a00000|100%| E|CS|TAMS 0x0000000713800000| PB 0x0000000713800000| Complete 
| 120|0x0000000713a00000, 0x0000000713c00000, 0x0000000713c00000|100%| E|CS|TAMS 0x0000000713a00000| PB 0x0000000713a00000| Complete 
| 121|0x0000000713c00000, 0x0000000713e00000, 0x0000000713e00000|100%| E|CS|TAMS 0x0000000713c00000| PB 0x0000000713c00000| Complete 
| 122|0x0000000713e00000, 0x0000000714000000, 0x0000000714000000|100%| E|CS|TAMS 0x0000000713e00000| PB 0x0000000713e00000| Complete 
| 123|0x0000000714000000, 0x0000000714200000, 0x0000000714200000|100%| E|CS|TAMS 0x0000000714000000| PB 0x0000000714000000| Complete 
| 124|0x0000000714200000, 0x0000000714400000, 0x0000000714400000|100%| E|CS|TAMS 0x0000000714200000| PB 0x0000000714200000| Complete 
| 125|0x0000000714400000, 0x0000000714600000, 0x0000000714600000|100%| E|CS|TAMS 0x0000000714400000| PB 0x0000000714400000| Complete 

Card table byte_map: [0x000001fbfccb0000,0x000001fbfd490000] _byte_map_base: 0x000001fbf948b000

Marking Bits: (CMBitMap*) 0x000001fbe4d99ea0
 Bits: [0x000001fb80000000, 0x000001fb83ed8000)

Polling page: 0x000001fbe2c50000

Metaspace:

Usage:
  Non-class:      3.55 MB used.
      Class:    459.17 KB used.
       Both:      4.00 MB used.

Virtual space:
  Non-class space:       64.00 MB reserved,       3.62 MB (  6%) committed,  1 nodes.
      Class space:        1.00 GB reserved,     512.00 KB ( <1%) committed,  1 nodes.
             Both:        1.06 GB reserved,       4.12 MB ( <1%) committed. 

Chunk freelists:
   Non-Class:  9.95 MB
       Class:  15.39 MB
        Both:  25.34 MB

MaxMetaspaceSize: unlimited
CompressedClassSpaceSize: 1.00 GB
Initial GC threshold: 21.00 MB
Current GC threshold: 21.00 MB
CDS: on
 - commit_granule_bytes: 65536.
 - commit_granule_words: 8192.
 - virtual_space_node_default_size: 8388608.
 - enlarge_chunks_in_place: 1.
 - use_allocation_guard: 0.


Internal statistics:

num_allocs_failed_limit: 0.
num_arena_births: 96.
num_arena_deaths: 0.
num_vsnodes_births: 2.
num_vsnodes_deaths: 0.
num_space_committed: 66.
num_space_uncommitted: 0.
num_chunks_returned_to_freelist: 0.
num_chunks_taken_from_freelist: 205.
num_chunk_merges: 0.
num_chunk_splits: 139.
num_chunks_enlarged: 101.
num_inconsistent_stats: 0.

CodeHeap 'non-profiled nmethods': size=120000Kb used=423Kb max_used=423Kb free=119576Kb
 bounds [0x000001fbf4c60000, 0x000001fbf4ed0000, 0x000001fbfc190000]
CodeHeap 'profiled nmethods': size=120000Kb used=1687Kb max_used=1687Kb free=118312Kb
 bounds [0x000001fbed190000, 0x000001fbed400000, 0x000001fbf46c0000]
CodeHeap 'non-nmethods': size=5760Kb used=1440Kb max_used=1472Kb free=4319Kb
 bounds [0x000001fbf46c0000, 0x000001fbf4930000, 0x000001fbf4c60000]
 total_blobs=1369 nmethods=940 adapters=334
 compilation: enabled
              stopped_count=0, restarted_count=0
 full_count=0

Compilation events (20 events):
Event: 0.506 Thread 0x000001fbffeea640  909       3       java.util.zip.InflaterInputStream::<init> (70 bytes)
Event: 0.506 Thread 0x000001fbffeea640 nmethod 909 0x000001fbed31d890 code [0x000001fbed31daa0, 0x000001fbed31e1d8]
Event: 0.506 Thread 0x000001fbffeea640  910       3       java.util.zip.ZipFile$ZipFileInflaterInputStream::<init> (14 bytes)
Event: 0.506 Thread 0x000001fbffeea640 nmethod 910 0x000001fbed31e390 code [0x000001fbed31e540, 0x000001fbed31e6f8]
Event: 0.508 Thread 0x000001fbffeea640  911       3       java.lang.ClassLoader::definePackage (85 bytes)
Event: 0.509 Thread 0x000001fbffeea640 nmethod 911 0x000001fbed31e810 code [0x000001fbed31eae0, 0x000001fbed31f9b0]
Event: 0.509 Thread 0x000001fbffeea640  912       3       java.lang.Package::isSealed (26 bytes)
Event: 0.510 Thread 0x000001fbffeea640 nmethod 912 0x000001fbed31fe90 code [0x000001fbed320040, 0x000001fbed320348]
Event: 0.510 Thread 0x000001fbffeea640  913       3       jdk.internal.loader.BuiltinClassLoader::isSealed (71 bytes)
Event: 0.512 Thread 0x000001fbffeea640 nmethod 913 0x000001fbed320490 code [0x000001fbed320900, 0x000001fbed322640]
Event: 0.515 Thread 0x000001fbffeea640  915       3       java.net.URLStreamHandler::toExternalForm (156 bytes)
Event: 0.517 Thread 0x000001fbffeea640 nmethod 915 0x000001fbed323190 code [0x000001fbed323580, 0x000001fbed324b08]
Event: 0.526 Thread 0x000001fbffeea640  917   !   3       jdk.internal.loader.BuiltinClassLoader::findClassOnClassPathOrNull (64 bytes)
Event: 0.528 Thread 0x000001fbffeea640 nmethod 917 0x000001fbed325310 code [0x000001fbed3256a0, 0x000001fbed326a68]
Event: 0.530 Thread 0x000001fbffeea640  918  s    3       java.util.jar.JarFile::getInputStream (88 bytes)
Event: 0.531 Thread 0x000001fbffeea640 nmethod 918 0x000001fbed327210 code [0x000001fbed327480, 0x000001fbed327c80]
Event: 0.536 Thread 0x000001fbffeea640  920       3       java.util.ArrayDeque::addLast (51 bytes)
Event: 0.536 Thread 0x000001fbffeea640 nmethod 920 0x000001fbed327f10 code [0x000001fbed328100, 0x000001fbed3285c8]
Event: 0.538 Thread 0x000001fbffeea640  921       3       java.util.jar.JarFile$JarFileEntry::getRealName (5 bytes)
Event: 0.539 Thread 0x000001fbffeea640 nmethod 921 0x000001fbed328790 code [0x000001fbed328920, 0x000001fbed328a48]

GC Heap History (0 events):
No events

Dll operation events (7 events):
Event: 0.006 Loaded shared library C:\Program Files\Java\jdk-21\bin\java.dll
Event: 0.033 Loaded shared library C:\Program Files\Java\jdk-21\bin\jsvml.dll
Event: 0.074 Loaded shared library C:\Program Files\Java\jdk-21\bin\net.dll
Event: 0.075 Loaded shared library C:\Program Files\Java\jdk-21\bin\nio.dll
Event: 0.079 Loaded shared library C:\Program Files\Java\jdk-21\bin\zip.dll
Event: 0.271 Loaded shared library C:\Program Files\Java\jdk-21\bin\jimage.dll
Event: 0.294 Loaded shared library C:\Program Files\Java\jdk-21\bin\verify.dll

Deoptimization events (20 events):
Event: 0.404 Thread 0x000001fbe2aa3c00 DEOPT PACKING pc=0x000001fbed1ca5bc sp=0x000000f5339fc120
Event: 0.404 Thread 0x000001fbe2aa3c00 DEOPT UNPACKING pc=0x000001fbf47188e2 sp=0x000000f5339fb5b0 mode 0
Event: 0.404 Thread 0x000001fbe2aa3c00 DEOPT PACKING pc=0x000001fbed1ca5bc sp=0x000000f5339fc120
Event: 0.404 Thread 0x000001fbe2aa3c00 DEOPT UNPACKING pc=0x000001fbf47188e2 sp=0x000000f5339fb5b0 mode 0
Event: 0.422 Thread 0x000001fbe2aa3c00 Uncommon trap: trap_request=0xffffff54 fr.pc=0x000001fbf4cae038 relative=0x0000000000001538
Event: 0.422 Thread 0x000001fbe2aa3c00 Uncommon trap: reason=speculate_null_assert action=make_not_entrant pc=0x000001fbf4cae038 method=java.util.jar.JarFile.getVersionedEntry(Ljava/lang/String;Ljava/util/jar/JarEntry;)Ljava/util/jar/JarEntry; @ 115 c2
Event: 0.422 Thread 0x000001fbe2aa3c00 DEOPT PACKING pc=0x000001fbf4cae038 sp=0x000000f5339fc9c0
Event: 0.422 Thread 0x000001fbe2aa3c00 DEOPT UNPACKING pc=0x000001fbf4717da2 sp=0x000000f5339fc898 mode 2
Event: 0.446 Thread 0x000001fbe2aa3c00 Uncommon trap: trap_request=0xffffff6e fr.pc=0x000001fbf4c95b4c relative=0x000000000000040c
Event: 0.446 Thread 0x000001fbe2aa3c00 Uncommon trap: reason=loop_limit_check action=maybe_recompile pc=0x000001fbf4c95b4c method=java.lang.StringLatin1.indexOf([BI[BII)I @ 37 c2
Event: 0.446 Thread 0x000001fbe2aa3c00 DEOPT PACKING pc=0x000001fbf4c95b4c sp=0x000000f5339fd140
Event: 0.446 Thread 0x000001fbe2aa3c00 DEOPT UNPACKING pc=0x000001fbf4717da2 sp=0x000000f5339fd0a0 mode 2
Event: 0.454 Thread 0x000001fbe2aa3c00 DEOPT PACKING pc=0x000001fbed1fa985 sp=0x000000f5339fd310
Event: 0.454 Thread 0x000001fbe2aa3c00 DEOPT UNPACKING pc=0x000001fbf47188e2 sp=0x000000f5339fc780 mode 0
Event: 0.464 Thread 0x000001fbe2aa3c00 DEOPT PACKING pc=0x000001fbed1fa985 sp=0x000000f5339fd290
Event: 0.464 Thread 0x000001fbe2aa3c00 DEOPT UNPACKING pc=0x000001fbf47188e2 sp=0x000000f5339fc700 mode 0
Event: 0.466 Thread 0x000001fbe2aa3c00 DEOPT PACKING pc=0x000001fbed1fa985 sp=0x000000f5339fd290
Event: 0.466 Thread 0x000001fbe2aa3c00 DEOPT UNPACKING pc=0x000001fbf47188e2 sp=0x000000f5339fc700 mode 0
Event: 0.476 Thread 0x000001fbe2aa3c00 DEOPT PACKING pc=0x000001fbed1fa985 sp=0x000000f5339fd050
Event: 0.476 Thread 0x000001fbe2aa3c00 DEOPT UNPACKING pc=0x000001fbf47188e2 sp=0x000000f5339fc4c0 mode 0

Classes loaded (20 events):
Event: 0.426 Loading class java/util/stream/WhileOps$1Op
Event: 0.426 Loading class java/util/stream/WhileOps$DropWhileOp
Event: 0.426 Loading class java/util/stream/WhileOps$DropWhileOp done
Event: 0.426 Loading class java/util/stream/ReferencePipeline$StatefulOp
Event: 0.426 Loading class java/util/stream/ReferencePipeline$StatefulOp done
Event: 0.426 Loading class java/util/stream/WhileOps$1Op done
Event: 0.427 Loading class java/util/stream/WhileOps$1Op$1OpSink
Event: 0.427 Loading class java/util/stream/WhileOps$DropWhileSink
Event: 0.427 Loading class java/util/stream/WhileOps$DropWhileSink done
Event: 0.427 Loading class java/util/stream/WhileOps$1Op$1OpSink done
Event: 0.435 Loading class java/io/FileNotFoundException
Event: 0.435 Loading class java/io/FileNotFoundException done
Event: 0.435 Loading class java/net/MalformedURLException
Event: 0.435 Loading class java/net/MalformedURLException done
Event: 0.435 Loading class java/net/URISyntaxException
Event: 0.435 Loading class java/net/URISyntaxException done
Event: 0.446 Loading class jdk/internal/foreign/MemorySessionImpl
Event: 0.446 Loading class java/lang/foreign/MemorySegment$Scope
Event: 0.446 Loading class java/lang/foreign/MemorySegment$Scope done
Event: 0.446 Loading class jdk/internal/foreign/MemorySessionImpl done

Classes unloaded (0 events):
No events

Classes redefined (0 events):
No events

Internal exceptions (13 events):
Event: 0.239 Thread 0x000001fbe2aa3c00 Exception <a 'java/lang/NoSuchMethodError'{0x0000000713cea138}: 'int java.lang.invoke.DirectMethodHandle$Holder.invokeSpecial(java.lang.Object, java.lang.Object, java.lang.Object)'> (0x0000000713cea138) 
thrown [s\open\src\hotspot\share\interpreter\linkResolver.cpp, line 773]
Event: 0.242 Thread 0x000001fbe2aa3c00 Exception <a 'java/lang/NoSuchMethodError'{0x0000000713cf4800}: 'void java.lang.invoke.DelegatingMethodHandle$Holder.reinvoke_L(java.lang.Object, java.lang.Object, int)'> (0x0000000713cf4800) 
thrown [s\open\src\hotspot\share\interpreter\linkResolver.cpp, line 773]
Event: 0.243 Thread 0x000001fbe2aa3c00 Exception <a 'java/lang/NoSuchMethodError'{0x0000000713cfb0c0}: 'int java.lang.invoke.Invokers$Holder.invokeExact_MT(java.lang.Object, java.lang.Object, java.lang.Object)'> (0x0000000713cfb0c0) 
thrown [s\open\src\hotspot\share\interpreter\linkResolver.cpp, line 773]
Event: 0.259 Thread 0x000001fbe2aa3c00 Exception <a 'java/lang/NoSuchMethodError'{0x0000000713d31e88}: 'void java.lang.invoke.Invokers$Holder.invokeExact_MT(java.lang.Object, java.lang.Object, java.lang.Object, java.lang.Object)'> (0x0000000713d31e88) 
thrown [s\open\src\hotspot\share\interpreter\linkResolver.cpp, line 773]
Event: 0.331 Thread 0x000001fbe2aa3c00 Exception <a 'java/lang/NoSuchMethodError'{0x0000000713b5e668}: 'void java.lang.invoke.DirectMethodHandle$Holder.invokeStatic(java.lang.Object, java.lang.Object, java.lang.Object)'> (0x0000000713b5e668) 
thrown [s\open\src\hotspot\share\interpreter\linkResolver.cpp, line 773]
Event: 0.337 Thread 0x000001fbe2aa3c00 Exception <a 'java/lang/NoSuchMethodError'{0x0000000713b839f0}: 'java.lang.Object java.lang.invoke.DirectMethodHandle$Holder.invokeStatic(java.lang.Object, java.lang.Object, int)'> (0x0000000713b839f0) 
thrown [s\open\src\hotspot\share\interpreter\linkResolver.cpp, line 773]
Event: 0.339 Thread 0x000001fbe2aa3c00 Exception <a 'java/lang/NoSuchMethodError'{0x0000000713b8ee40}: 'void java.lang.invoke.DelegatingMethodHandle$Holder.delegate(java.lang.Object, java.lang.Object, int, java.lang.Object)'> (0x0000000713b8ee40) 
thrown [s\open\src\hotspot\share\interpreter\linkResolver.cpp, line 773]
Event: 0.353 Thread 0x000001fbe2aa3c00 Exception <a 'java/lang/NoSuchMethodError'{0x0000000713bdb018}: 'java.lang.Object java.lang.invoke.DirectMethodHandle$Holder.invokeInterface(java.lang.Object, java.lang.Object)'> (0x0000000713bdb018) 
thrown [s\open\src\hotspot\share\interpreter\linkResolver.cpp, line 773]
Event: 0.354 Thread 0x000001fbe2aa3c00 Exception <a 'java/lang/IncompatibleClassChangeError'{0x0000000713bde530}: Found class java.lang.Object, but interface was expected> (0x0000000713bde530) 
thrown [s\open\src\hotspot\share\interpreter\linkResolver.cpp, line 840]
Event: 0.358 Thread 0x000001fbe2aa3c00 Exception <a 'java/lang/NoSuchMethodError'{0x0000000713bec4f8}: 'void java.lang.invoke.DirectMethodHandle$Holder.invokeSpecial(java.lang.Object, java.lang.Object, java.lang.Object)'> (0x0000000713bec4f8) 
thrown [s\open\src\hotspot\share\interpreter\linkResolver.cpp, line 773]
Event: 0.365 Thread 0x000001fbe2aa3c00 Exception <a 'java/lang/NoSuchMethodError'{0x000000071380a1e0}: 'java.lang.Object java.lang.invoke.DirectMethodHandle$Holder.newInvokeSpecial(java.lang.Object, java.lang.Object, java.lang.Object, int, java.lang.Object)'> (0x000000071380a1e0) 
thrown [s\open\src\hotspot\share\interpreter\linkResolver.cpp, line 773]
Event: 0.366 Thread 0x000001fbe2aa3c00 Exception <a 'java/lang/NoSuchMethodError'{0x0000000713811888}: 'java.lang.Object java.lang.invoke.Invokers$Holder.linkToTargetMethod(java.lang.Object, java.lang.Object, int, java.lang.Object, java.lang.Object)'> (0x0000000713811888) 
thrown [s\open\src\hotspot\share\interpreter\linkResolver.cpp, line 773]
Event: 0.395 Thread 0x000001fbe2aa3c00 Exception <a 'java/lang/NoSuchMethodError'{0x00000007138b46f8}: 'int java.lang.invoke.DirectMethodHandle$Holder.invokeStaticInit(java.lang.Object, java.lang.Object)'> (0x00000007138b46f8) 
thrown [s\open\src\hotspot\share\interpreter\linkResolver.cpp, line 773]

ZGC Phase Switch (0 events):
No events

VM Operations (12 events):
Event: 0.080 Executing VM operation: HandshakeAllThreads (Deoptimize)
Event: 0.080 Executing VM operation: HandshakeAllThreads (Deoptimize) done
Event: 0.266 Executing VM operation: HandshakeAllThreads (Deoptimize)
Event: 0.266 Executing VM operation: HandshakeAllThreads (Deoptimize) done
Event: 0.276 Executing VM operation: HandshakeAllThreads (Deoptimize)
Event: 0.276 Executing VM operation: HandshakeAllThreads (Deoptimize) done
Event: 0.337 Executing VM operation: HandshakeAllThreads (Deoptimize)
Event: 0.337 Executing VM operation: HandshakeAllThreads (Deoptimize) done
Event: 0.356 Executing VM operation: HandshakeAllThreads (Deoptimize)
Event: 0.356 Executing VM operation: HandshakeAllThreads (Deoptimize) done
Event: 0.435 Executing VM operation: HandshakeAllThreads (Deoptimize)
Event: 0.435 Executing VM operation: HandshakeAllThreads (Deoptimize) done

Events (13 events):
Event: 0.019 Thread 0x000001fbe2aa3c00 Thread added: 0x000001fbe2aa3c00
Event: 0.031 Thread 0x000001fbffed7c80 Thread added: 0x000001fbffed7c80
Event: 0.031 Thread 0x000001fbffed90a0 Thread added: 0x000001fbffed90a0
Event: 0.031 Thread 0x000001fbffedc910 Thread added: 0x000001fbffedc910
Event: 0.031 Thread 0x000001fbffedf570 Thread added: 0x000001fbffedf570
Event: 0.031 Thread 0x000001fbffee00c0 Thread added: 0x000001fbffee00c0
Event: 0.031 Thread 0x000001fbffee2150 Thread added: 0x000001fbffee2150
Event: 0.031 Thread 0x000001fbffee9660 Thread added: 0x000001fbffee9660
Event: 0.031 Thread 0x000001fbffeea640 Thread added: 0x000001fbffeea640
Event: 0.068 Thread 0x000001fbc9178c10 Thread added: 0x000001fbc9178c10
Event: 0.070 Thread 0x000001fbc917ec60 Thread added: 0x000001fbc917ec60
Event: 0.110 Thread 0x000001fbc917b090 Thread added: 0x000001fbc917b090
Event: 0.117 Thread 0x000001fbc928e510 Thread added: 0x000001fbc928e510


Dynamic libraries:
0x00007ff7b29c0000 - 0x00007ff7b29d0000 	C:\Program Files\Java\jdk-21\bin\javaw.exe
0x00007ff883cd0000 - 0x00007ff883ee6000 	C:\WINDOWS\SYSTEM32\ntdll.dll
0x00007ff882580000 - 0x00007ff882644000 	C:\WINDOWS\System32\KERNEL32.DLL
0x00007ff881620000 - 0x00007ff8819c7000 	C:\WINDOWS\System32\KERNELBASE.dll
0x00007ff8811d0000 - 0x00007ff8812e1000 	C:\WINDOWS\System32\ucrtbase.dll
0x00007ff877b00000 - 0x00007ff877b1b000 	C:\Program Files\Java\jdk-21\bin\VCRUNTIME140.dll
0x00007ff87aef0000 - 0x00007ff87af09000 	C:\Program Files\Java\jdk-21\bin\jli.dll
0x00007ff883a20000 - 0x00007ff883ad2000 	C:\WINDOWS\System32\ADVAPI32.dll
0x00007ff882e70000 - 0x00007ff882f17000 	C:\WINDOWS\System32\msvcrt.dll
0x00007ff882d90000 - 0x00007ff882e38000 	C:\WINDOWS\System32\sechost.dll
0x00007ff8819d0000 - 0x00007ff8819f8000 	C:\WINDOWS\System32\bcrypt.dll
0x00007ff882f80000 - 0x00007ff883095000 	C:\WINDOWS\System32\RPCRT4.dll
0x00007ff8830b0000 - 0x00007ff88325e000 	C:\WINDOWS\System32\USER32.dll
0x00007ff8811a0000 - 0x00007ff8811c6000 	C:\WINDOWS\System32\win32u.dll
0x00007ff870800000 - 0x00007ff870a93000 	C:\WINDOWS\WinSxS\amd64_microsoft.windows.common-controls_6595b64144ccf1df_6.0.22621.3235_none_270f74e173860f98\COMCTL32.dll
0x00007ff882e40000 - 0x00007ff882e69000 	C:\WINDOWS\System32\GDI32.dll
0x00007ff881390000 - 0x00007ff8814a9000 	C:\WINDOWS\System32\gdi32full.dll
0x00007ff8812f0000 - 0x00007ff88138a000 	C:\WINDOWS\System32\msvcp_win.dll
0x00007ff874c20000 - 0x00007ff874c2a000 	C:\WINDOWS\SYSTEM32\VERSION.dll
0x00007ff8839e0000 - 0x00007ff883a11000 	C:\WINDOWS\System32\IMM32.DLL
0x00007ff877b50000 - 0x00007ff877b5c000 	C:\Program Files\Java\jdk-21\bin\vcruntime140_1.dll
0x00007ff8648e0000 - 0x00007ff86496e000 	C:\Program Files\Java\jdk-21\bin\msvcp140.dll
0x00007ff809710000 - 0x00007ff80a427000 	C:\Program Files\Java\jdk-21\bin\server\jvm.dll
0x00007ff882470000 - 0x00007ff8824e1000 	C:\WINDOWS\System32\WS2_32.dll
0x00007ff880ec0000 - 0x00007ff880f0d000 	C:\WINDOWS\SYSTEM32\POWRPROF.dll
0x00007ff875fc0000 - 0x00007ff875ff4000 	C:\WINDOWS\SYSTEM32\WINMM.dll
0x00007ff880ea0000 - 0x00007ff880eb3000 	C:\WINDOWS\SYSTEM32\UMPDC.dll
0x00007ff880030000 - 0x00007ff880048000 	C:\WINDOWS\SYSTEM32\kernel.appcore.dll
0x00007ff8777a0000 - 0x00007ff8777aa000 	C:\Program Files\Java\jdk-21\bin\jimage.dll
0x00007ff87ea20000 - 0x00007ff87ec53000 	C:\WINDOWS\SYSTEM32\DBGHELP.DLL
0x00007ff883260000 - 0x00007ff8835e8000 	C:\WINDOWS\System32\combase.dll
0x00007ff882260000 - 0x00007ff882337000 	C:\WINDOWS\System32\OLEAUT32.dll
0x00007ff864ac0000 - 0x00007ff864af2000 	C:\WINDOWS\SYSTEM32\dbgcore.DLL
0x00007ff881120000 - 0x00007ff881199000 	C:\WINDOWS\System32\bcryptPrimitives.dll
0x00007ff875ea0000 - 0x00007ff875ebf000 	C:\Program Files\Java\jdk-21\bin\java.dll
0x00007ff881a00000 - 0x00007ff88225c000 	C:\WINDOWS\System32\SHELL32.dll
0x00007ff87ef50000 - 0x00007ff87f849000 	C:\WINDOWS\SYSTEM32\windows.storage.dll
0x00007ff87ee10000 - 0x00007ff87ef4e000 	C:\WINDOWS\SYSTEM32\wintypes.dll
0x00007ff883610000 - 0x00007ff883703000 	C:\WINDOWS\System32\SHCORE.dll
0x00007ff882f20000 - 0x00007ff882f7e000 	C:\WINDOWS\System32\shlwapi.dll
0x00007ff880f20000 - 0x00007ff880f41000 	C:\WINDOWS\SYSTEM32\profapi.dll
0x00007ff860bf0000 - 0x00007ff860cc7000 	C:\Program Files\Java\jdk-21\bin\jsvml.dll
0x00007ff877790000 - 0x00007ff8777a0000 	C:\Program Files\Java\jdk-21\bin\net.dll
0x00007ff87a950000 - 0x00007ff87aa86000 	C:\WINDOWS\SYSTEM32\WINHTTP.dll
0x00007ff8804a0000 - 0x00007ff880509000 	C:\WINDOWS\system32\mswsock.dll
0x00007ff868510000 - 0x00007ff868526000 	C:\Program Files\Java\jdk-21\bin\nio.dll
0x00007ff868200000 - 0x00007ff868218000 	C:\Program Files\Java\jdk-21\bin\zip.dll
0x00007ff875e90000 - 0x00007ff875ea0000 	C:\Program Files\Java\jdk-21\bin\verify.dll

dbghelp: loaded successfully - version: 4.0.5 - missing functions: none
symbol engine: initialized successfully - sym options: 0x614 - pdb path: .;C:\Program Files\Java\jdk-21\bin;C:\WINDOWS\SYSTEM32;C:\WINDOWS\WinSxS\amd64_microsoft.windows.common-controls_6595b64144ccf1df_6.0.22621.3235_none_270f74e173860f98;C:\Program Files\Java\jdk-21\bin\server

VM Arguments:
jvm_args: -ea -Dfile.encoding=UTF-8 -XX:+ShowCodeDetailsInExceptionMessages 
java_command: org.testng.remote.RemoteTestNG -serport 2767 -protocol json -d C:\Users\Shivam\eclipse-workspace\OpenCart\test-output C:\Users\Shivam\eclipse-workspace\OpenCart\grouping.xml
java_class_path (initial): C:\Users\Shivam\eclipse\java-2023-03\eclipse\configuration\org.eclipse.osgi\444\0\.cp\lib\testng-remote.jar;C:\Users\Shivam\eclipse-workspace\OpenCart\target\test-classes;C:\Users\Shivam\eclipse-workspace\OpenCart\target\classes;C:\Users\Shivam\.m2\repository\org\seleniumhq\selenium\selenium-java\4.15.0\selenium-java-4.15.0.jar;C:\Users\Shivam\.m2\repository\org\seleniumhq\selenium\selenium-api\4.15.0\selenium-api-4.15.0.jar;C:\Users\Shivam\.m2\repository\org\seleniumhq\selenium\selenium-chrome-driver\4.15.0\selenium-chrome-driver-4.15.0.jar;C:\Users\Shivam\.m2\repository\com\google\auto\service\auto-service-annotations\1.1.1\auto-service-annotations-1.1.1.jar;C:\Users\Shivam\.m2\repository\org\seleniumhq\selenium\selenium-chromium-driver\4.15.0\selenium-chromium-driver-4.15.0.jar;C:\Users\Shivam\.m2\repository\org\seleniumhq\selenium\selenium-json\4.15.0\selenium-json-4.15.0.jar;C:\Users\Shivam\.m2\repository\org\seleniumhq\selenium\selenium-manager\4.15.0\selenium-manager-4.15.0.jar;C:\Users\Shivam\.m2\repository\org\seleniumhq\selenium\selenium-devtools-v117\4.15.0\selenium-devtools-v117-4.15.0.jar;C:\Users\Shivam\.m2\repository\org\seleniumhq\selenium\selenium-devtools-v118\4.15.0\selenium-devtools-v118-4.15.0.jar;C:\Users\Shivam\.m2\repository\org\seleniumhq\selenium\selenium-devtools-v119\4.15.0\selenium-devtools-v119-4.15.0.jar;C:\Users\Shivam\.m2\repository\org\seleniumhq\selenium\selenium-devtools-v85\4.15.0\selenium-devtools-v85-4.15.0.jar;C:\Users\Shivam\.m2\repository\org\seleniumhq\selenium\selenium-edge-driver\4.15.0\selenium-edge-driver-4.15.0.jar;C:\Users\Shivam\.m2\repository\org\seleniumhq\selenium\selenium-firefox-driver\4.15.0\selenium-firefox-driver-4.15.0.jar;C:\Users\Shivam\.m2\repository\org\seleniumhq\selenium\selenium-http\4.15.0\selenium-http-4.15.0.jar;C:\Users\Shivam\.m2\repository\dev\failsafe\failsafe\3.3.2\failsafe-3.3.2.jar;C:\Users\Shivam\.m2\repository\org\seleniumhq\selenium\selenium-ie-driver\4.15.0\selenium-ie-driver-4.15.0.jar;C:\Users\Shivam\.m2\repository\org\seleniumhq\selenium\selenium-remote-driver\4.15.0\selenium-remote-driver-4.15.0.jar;C:\Users\Shivam\.m2\repository\com\google\guava\guava\32.1.2-jre\guava-32.1.2-jre.jar;C:\Users\Shivam\.m2\repository\com\google\guava\failureaccess\1.0.1\failureaccess-1.0.1.jar;C:\Users\Shivam\.m2\repository\com\google\guava\listenablefuture\9999.0-empty-to-avoid-conflict-with-guava\listenablefuture-9999.0-empty-to-avoid-conflict-with-guava.jar;C:\Users\Shivam\.m2\repository\com\google\code\findbugs\jsr305\3.0.2\jsr305-3.0.2.jar;C:\Users\Shivam\.m2\repository\org\checkerframework\checker-qual\3.33.0\checker-qual-3.33.0.jar;C:\Users\Shivam\.m2\repository\com\google\errorprone\error_prone_annotations\2.18.0\error_prone_annotations-2.18.0.jar;C:\Users\Shivam\.m2\repository\com\google\j2objc\j2objc-annotations\2.8\j2objc-annotations-2.8.jar;C:\Users\Shivam\.m2\repository\io\opentelemetry\opentelemetry-api\1.28.0\opentelemetry-api-1.28.0.jar;C:\Users\Shivam\.m2\repository\io\opentelemetry\opentelemetry-context\1.28.0\opentelemetry-context-1.28.0.jar;C:\Users\Shivam\.m2\repository\io\opentelemetry\opentelemetry-exporter-logging\1.28.0\opentelemetry-exporter-logging-1.28.0.jar;C:\Users\Shivam\.m2\repository\io\opentelemetry\opentelemetry-sdk-metrics\1.28.0\opentelemetry-sdk-metrics-1.28.0.jar;C:\Users\Shivam\.m2\repository\io\opentelemetry\opentelemetry-extension-incubator\1.28.0-alpha\opentelemetry-extension-incubator-1.28.0-alpha.jar;C:\Users\Shivam\.m2\repository\io\opentelemetry\opentelemetry-sdk-logs\1.28.0\opentelemetry-sdk-logs-1.28.0.jar;C:\Users\Shivam\.m2\repository\io\opentelemetry\opentelemetry-sdk-common\1.28.0\opentelemetry-sdk-common-1.28.0.jar;C:\Users\Shivam\.m2\repository\io\opentelemetry\opentelemetry-sdk-extension-autoconfigure-spi\1.28.0\opentelemetry-sdk-extension-autoconfigure-spi-1.28.0.jar;C:\Users\Shivam\.m2\repository\io\opentelemetry\opentelemetry-sdk-extension-autoconfigure\1.28.0\opentelemetry-sdk-extension-autoconfigure-1.28.0.jar;C:\Users\Shivam\.m2\repository\io\opentelemetry\opentelemetry-api-events\1.28.0-alpha\opentelemetry-api-events-1.28.0-alpha.jar;C:\Users\Shivam\.m2\repository\io\opentelemetry\opentelemetry-sdk-trace\1.28.0\opentelemetry-sdk-trace-1.28.0.jar;C:\Users\Shivam\.m2\repository\io\opentelemetry\opentelemetry-sdk\1.28.0\opentelemetry-sdk-1.28.0.jar;C:\Users\Shivam\.m2\repository\io\opentelemetry\opentelemetry-semconv\1.28.0-alpha\opentelemetry-semconv-1.28.0-alpha.jar;C:\Users\Shivam\.m2\repository\net\bytebuddy\byte-buddy\1.14.5\byte-buddy-1.14.5.jar;C:\Users\Shivam\.m2\repository\org\seleniumhq\selenium\selenium-os\4.15.0\selenium-os-4.15.0.jar;C:\Users\Shivam\.m2\repository\org\apache\commons\commons-exec\1.3\commons-exec-1.3.jar;C:\Users\Shivam\.m2\repository\org\seleniumhq\selenium\selenium-safari-driver\4.15.0\selenium-safari-driver-4.15.0.jar;C:\Users\Shivam\.m2\repository\org\seleniumhq\selenium\selenium-support\4.15.0\selenium-support-4.15.0.jar;C:\Users\Shivam\.m2\repository\commons-io\commons-io\2.13.0\commons-io-2.13.0.jar;C:\Users\Shivam\.m2\repository\org\apache\commons\commons-lang3\3.12.0\commons-lang3-3.12.0.jar;C:\Users\Shivam\.m2\repository\org\apache\poi\poi\5.2.5\poi-5.2.5.jar;C:\Users\Shivam\.m2\repository\commons-codec\commons-codec\1.16.0\commons-codec-1.16.0.jar;C:\Users\Shivam\.m2\repository\org\apache\commons\commons-collections4\4.4\commons-collections4-4.4.jar;C:\Users\Shivam\.m2\repository\org\apache\commons\commons-math3\3.6.1\commons-math3-3.6.1.jar;C:\Users\Shivam\.m2\repository\com\zaxxer\SparseBitSet\1.3\SparseBitSet-1.3.jar;C:\Users\Shivam\.m2\repository\org\apache\poi\poi-ooxml\5.2.5\poi-ooxml-5.2.5.jar;C:\Users\Shivam\.m2\repository\org\apache\poi\poi-ooxml-lite\5.2.5\poi-ooxml-lite-5.2.5.jar;C:\Users\Shivam\.m2\repository\org\apache\xmlbeans\xmlbeans\5.2.0\xmlbeans-5.2.0.jar;C:\Users\Shivam\.m2\repository\org\apache\commons\commons-compress\1.25.0\commons-compress-1.25.0.jar;C:\Users\Shivam\.m2\repository\com\github\virtuald\curvesapi\1.08\curvesapi-1.08.jar;C:\Users\Shivam\.m2\repository\org\apache\logging\log4j\log4j-core\2.22.0\log4j-core-2.22.0.jar;C:\Users\Shivam\.m2\repository\org\apache\logging\log4j\log4j-api\2.22.0\log4j-api-2.22.0.jar;C:\Users\Shivam\.m2\repository\org\apache\logging\log4j\log4j-slf4j-impl\2.22.0\log4j-slf4j-impl-2.22.0.jar;C:\Users\Shivam\.m2\repository\org\slf4j\slf4j-api\1.7.25\slf4j-api-1.7.25.jar;C:\Users\Shivam\.m2\repository\com\aventstack\extentreports\5.1.1\extentreports-5.1.1.jar;C:\Users\Shivam\.m2\repository\io\reactivex\rxjava3\rxjava\3.1.6\rxjava-3.1.6.jar;C:\Users\Shivam\.m2\repository\org\reactivestreams\reactive-streams\1.0.4\reactive-streams-1.0.4.jar;C:\Users\Shivam\.m2\repository\org\freemarker\freemarker\2.3.32\freemarker-2.3.32.jar;C:\Users\Shivam\.m2\repository\org\projectlombok\lombok\1.18.26\lombok-1.18.26.jar;C:\Users\Shivam\.m2\repository\com\google\code\gson\gson\2.10.1\gson-2.10.1.jar;C:\Users\Shivam\.m2\repository\org\testng\testng\7.8.0\testng-7.8.0.jar;C:\Users\Shivam\.m2\repository\com\beust\jcommander\1.82\jcommander-1.82.jar;C:\Users\Shivam\.m2\repository\org\webjars\jquery\3.6.1\jquery-3.6.1.jar
Launcher Type: SUN_STANDARD

[Global flags]
     intx CICompilerCount                          = 4                                         {product} {ergonomic}
     uint ConcGCThreads                            = 2                                         {product} {ergonomic}
     uint G1ConcRefinementThreads                  = 8                                         {product} {ergonomic}
   size_t G1HeapRegionSize                         = 2097152                                   {product} {ergonomic}
    uintx GCDrainStackTargetSize                   = 64                                        {product} {ergonomic}
   size_t InitialHeapSize                          = 264241152                                 {product} {ergonomic}
   size_t MarkStackSize                            = 4194304                                   {product} {ergonomic}
   size_t MaxHeapSize                              = 4217372672                                {product} {ergonomic}
   size_t MaxNewSize                               = 2529165312                                {product} {ergonomic}
   size_t MinHeapDeltaBytes                        = 2097152                                   {product} {ergonomic}
   size_t MinHeapSize                              = 8388608                                   {product} {ergonomic}
    uintx NonNMethodCodeHeapSize                   = 5839372                                {pd product} {ergonomic}
    uintx NonProfiledCodeHeapSize                  = 122909434                              {pd product} {ergonomic}
    uintx ProfiledCodeHeapSize                     = 122909434                              {pd product} {ergonomic}
    uintx ReservedCodeCacheSize                    = 251658240                              {pd product} {ergonomic}
     bool SegmentedCodeCache                       = true                                      {product} {ergonomic}
     bool ShowCodeDetailsInExceptionMessages       = true                                   {manageable} {command line}
   size_t SoftMaxHeapSize                          = 4217372672                             {manageable} {ergonomic}
     bool UseCompressedOops                        = true                           {product lp64_product} {ergonomic}
     bool UseG1GC                                  = true                                      {product} {ergonomic}
     bool UseLargePagesIndividualAllocation        = false                                  {pd product} {ergonomic}

Logging:
Log output configuration:
 #0: stdout all=warning uptime,level,tags foldmultilines=false
 #1: stderr all=off uptime,level,tags foldmultilines=false

Environment Variables:
JAVA_HOME=C:\Program Files\Java\jdk-21
PATH=C:\Program Files\Common Files\Oracle\Java\javapath;C:\Users\Shivam\AppData\Roaming\npm;C:\WINDOWS\system32;C:\WINDOWS;C:\WINDOWS\System32\Wbem;C:\WINDOWS\System32\WindowsPowerShell\v1.0\;C:\WINDOWS\System32\OpenSSH\;C:\Users\Shivam\AppData\Local\Android\Sdk\platform-tools;C:\Program Files\Java\jdk-20\bin;C:\maven\apache-maven-3.9.2-bin\bin;C:\Program Files\nodejs\node_modules;C:\Users\Shivam\AppData\Local\Android\Sdk\platform-tools;C:\Users\Shivam\AppData\Local\Android\Sdk\tools;C:\Users\Shivam\AppData\Local\Android\Sdk\build-tools;C:\Program Files\Android\Android Studio\bin;C:\Users\Shivam\AppData\Local\Android\Sdk\platforms;C:\Program Files\Git\cmd;C:\Program Files\Git\mingw64\bin;C:\Program Files\Git\usr\bin;C:\Program Files\nodejs\;C:\Program Files\Java\jdk-21\bin;C:\Program Files\Java\jdk-21\lib;C:\Users\Shivam\.android\avd;C:\Users\Shivam\AppData\Local\Android\Sdk\tools\bin;C:\Users\Shivam\AppData\Local\Android\Sdk\tools;C:\Program Files\nodejs\node_modules\npm\bin;C:\Program Files\MySQL\MySQL Shell 8.0\bin\;C:\Users\Shivam\AppData\Local\Microsoft\WindowsApps;C:\Program Files\JetBrains\IntelliJ IDEA 2023.2.3\bin;;C:\Users\Shivam\AppData\Roaming\npm
USERNAME=Shivam
OS=Windows_NT
PROCESSOR_IDENTIFIER=Intel64 Family 6 Model 140 Stepping 1, GenuineIntel
TMP=C:\Users\Shivam\AppData\Local\Temp
TEMP=C:\Users\Shivam\AppData\Local\Temp




Periodic native trim disabled

---------------  S Y S T E M  ---------------

OS:
 Windows 11 , 64 bit Build 22621 (10.0.22621.3374)
OS uptime: 4 days 2:15 hours

CPU: total 8 (initial active 8) (4 cores per cpu, 2 threads per core) family 6 model 140 stepping 1 microcode 0x86, cx8, cmov, fxsr, ht, mmx, 3dnowpref, sse, sse2, sse3, ssse3, sse4.1, sse4.2, popcnt, lzcnt, tsc, tscinvbit, avx, avx2, aes, erms, clmul, bmi1, bmi2, adx, avx512f, avx512dq, avx512cd, avx512bw, avx512vl, sha, fma, vzeroupper, avx512_vpopcntdq, avx512_vpclmulqdq, avx512_vaes, avx512_vnni, clflush, clflushopt, clwb, avx512_vbmi2, avx512_vbmi, rdtscp, rdpid, fsrm, gfni, avx512_bitalg, f16c, pku, cet_ibt, cet_ss, avx512_ifma
Processor Information for all 8 processors :
  Max Mhz: 2419, Current Mhz: 2419, Mhz Limit: 2419

Memory: 4k page, system-wide physical 16086M (4002M free)
TotalPageFile size 18134M (AvailPageFile size 5M)
current process WorkingSet (physical memory assigned to process): 81M, peak: 81M
current process commit charge ("private bytes"): 360M, peak: 363M

vm_info: Java HotSpot(TM) 64-Bit Server VM (21.0.2+13-LTS-58) for windows-amd64 JRE (21.0.2+13-LTS-58), built on 2024-01-05T18:32:24Z by "mach5one" with MS VC++ 17.1 (VS2022)

END.
